<?xml version="1.0" encoding="UTF-8"?>
<!-- Generated by org.testng.reporters.JUnitXMLReporter -->
<testsuite hostname="Saranya-Laptop" ignored="0" name="Test" tests="4" failures="0" timestamp="2020-08-26T14:36:31 IST" time="0.044" errors="0">
  <testcase name="BrowserAutomation" time="0.004" classname="qaclickacademy.mavenjava.SeleniumTest"/>
  <testcase name="elementsUi" time="0.004" classname="qaclickacademy.mavenjava.SeleniumTest"/>
  <testcase name="DeleteTwitter" time="0.0" classname="qaclickacademy.mavenjava.RestApiTest"/>
  <testcase name="PostJira" time="0.0" classname="qaclickacademy.mavenjava.RestApiTest"/>
</testsuite> <!-- Test -->
