<?xml version="1.0" encoding="UTF-8"?>
<testng-results skipped="0" failed="0" ignored="0" total="4" passed="4">
  <reporter-output>
  </reporter-output>
  <suite name="Suite" duration-ms="44" started-at="2020-08-26T14:36:31 IST" finished-at="2020-08-26T14:36:31 IST">
    <groups>
    </groups>
    <test name="Test" duration-ms="44" started-at="2020-08-26T14:36:31 IST" finished-at="2020-08-26T14:36:31 IST">
      <class name="qaclickacademy.mavenjava.RestApiTest">
        <test-method status="PASS" signature="DeleteTwitter()[pri:0, instance:qaclickacademy.mavenjava.RestApiTest@1c3a4799]" name="DeleteTwitter" duration-ms="0" started-at="2020-08-26T14:36:31 IST" finished-at="2020-08-26T14:36:31 IST">
          <reporter-output>
          </reporter-output>
        </test-method> <!-- DeleteTwitter -->
        <test-method status="PASS" signature="PostJira()[pri:0, instance:qaclickacademy.mavenjava.RestApiTest@1c3a4799]" name="PostJira" duration-ms="0" started-at="2020-08-26T14:36:31 IST" finished-at="2020-08-26T14:36:31 IST">
          <reporter-output>
          </reporter-output>
        </test-method> <!-- PostJira -->
      </class> <!-- qaclickacademy.mavenjava.RestApiTest -->
      <class name="qaclickacademy.mavenjava.SeleniumTest">
        <test-method status="PASS" signature="BrowserAutomation()[pri:0, instance:qaclickacademy.mavenjava.SeleniumTest@694e1548]" name="BrowserAutomation" duration-ms="4" started-at="2020-08-26T14:36:31 IST" finished-at="2020-08-26T14:36:31 IST">
          <reporter-output>
          </reporter-output>
        </test-method> <!-- BrowserAutomation -->
        <test-method status="PASS" signature="elementsUi()[pri:0, instance:qaclickacademy.mavenjava.SeleniumTest@694e1548]" name="elementsUi" duration-ms="4" started-at="2020-08-26T14:36:31 IST" finished-at="2020-08-26T14:36:31 IST">
          <reporter-output>
          </reporter-output>
        </test-method> <!-- elementsUi -->
      </class> <!-- qaclickacademy.mavenjava.SeleniumTest -->
    </test> <!-- Test -->
  </suite> <!-- Suite -->
</testng-results>
